# JRE version: Java(TM) SE Runtime Environment (8.0_101-b13) (build 1.8.0_101-b13)
# Java VM: Java HotSpot(TM) 64-Bit Server VM (25.101-b13 mixed mode windows-amd64 compressed oops)
Heap:
 PSYoungGen      total 35840K, used 19226K [0x00000000d5f00000, 0x00000000da780000, 0x0000000100000000)
  eden space 33280K, 50% used [0x00000000d5f00000,0x00000000d6f5d2e0,0x00000000d7f80000)
  from space 2560K, 96% used [0x00000000da500000,0x00000000da769608,0x00000000da780000)
  to   space 5120K, 0% used [0x00000000d9d80000,0x00000000d9d80000,0x00000000da280000)
 ParOldGen       total 70144K, used 17873K [0x0000000081c00000, 0x0000000086080000, 0x00000000d5f00000)
  object space 70144K, 25% used [0x0000000081c00000,0x0000000082d74458,0x0000000086080000)
 Metaspace       used 24316K, capacity 24578K, committed 24960K, reserved 1071104K
  class space    used 2990K, capacity 3078K, committed 3200K, reserved 1048576K
GC Heap History (10 events):
Event: 1.164 GC heap before
{Heap before GC invocations=1 (full 0):
 PSYoungGen      total 38400K, used 33280K [0x00000000d5f00000, 0x00000000d8980000, 0x0000000100000000)
  eden space 33280K, 100% used [0x00000000d5f00000,0x00000000d7f80000,0x00000000d7f80000)
  from space 5120K, 0% used [0x00000000d8480000,0x00000000d8480000,0x00000000d8980000)
  to   space 5120K, 0% used [0x00000000d7f80000,0x00000000d7f80000,0x00000000d8480000)
 ParOldGen       total 87552K, used 0K [0x0000000081c00000, 0x0000000087180000, 0x00000000d5f00000)
  object space 87552K, 0% used [0x0000000081c00000,0x0000000081c00000,0x0000000087180000)
 Metaspace       used 16308K, capacity 16586K, committed 16768K, reserved 1064960K
  class space    used 2031K, capacity 2128K, committed 2176K, reserved 1048576K
Event: 1.173 GC heap after
Heap after GC invocations=1 (full 0):
 PSYoungGen      total 38400K, used 5102K [0x00000000d5f00000, 0x00000000d8980000, 0x0000000100000000)
  eden space 33280K, 0% used [0x00000000d5f00000,0x00000000d5f00000,0x00000000d7f80000)
  from space 5120K, 99% used [0x00000000d7f80000,0x00000000d847b908,0x00000000d8480000)
  to   space 5120K, 0% used [0x00000000d8480000,0x00000000d8480000,0x00000000d8980000)
 ParOldGen       total 87552K, used 1968K [0x0000000081c00000, 0x0000000087180000, 0x00000000d5f00000)
  object space 87552K, 2% used [0x0000000081c00000,0x0000000081dec1b0,0x0000000087180000)
 Metaspace       used 16308K, capacity 16586K, committed 16768K, reserved 1064960K
  class space    used 2031K, capacity 2128K, committed 2176K, reserved 1048576K
}
Event: 11.494 GC heap before
{Heap before GC invocations=2 (full 0):
 PSYoungGen      total 38400K, used 38382K [0x00000000d5f00000, 0x00000000d8980000, 0x0000000100000000)
  eden space 33280K, 100% used [0x00000000d5f00000,0x00000000d7f80000,0x00000000d7f80000)
  from space 5120K, 99% used [0x00000000d7f80000,0x00000000d847b908,0x00000000d8480000)
  to   space 5120K, 0% used [0x00000000d8480000,0x00000000d8480000,0x00000000d8980000)
 ParOldGen       total 87552K, used 1968K [0x0000000081c00000, 0x0000000087180000, 0x00000000d5f00000)
  object space 87552K, 2% used [0x0000000081c00000,0x0000000081dec1b0,0x0000000087180000)
 Metaspace       used 20046K, capacity 20302K, committed 20480K, reserved 1067008K
  class space    used 2423K, capacity 2512K, committed 2560K, reserved 1048576K
Event: 11.506 GC heap after
Heap after GC invocations=2 (full 0):
 PSYoungGen      total 38400K, used 5119K [0x00000000d5f00000, 0x00000000d8980000, 0x0000000100000000)
  eden space 33280K, 0% used [0x00000000d5f00000,0x00000000d5f00000,0x00000000d7f80000)
  from space 5120K, 99% used [0x00000000d8480000,0x00000000d897fe30,0x00000000d8980000)
  to   space 5120K, 0% used [0x00000000d7f80000,0x00000000d7f80000,0x00000000d8480000)
 ParOldGen       total 87552K, used 14795K [0x0000000081c00000, 0x0000000087180000, 0x00000000d5f00000)
  object space 87552K, 16% used [0x0000000081c00000,0x0000000082a72cc0,0x0000000087180000)
 Metaspace       used 20046K, capacity 20302K, committed 20480K, reserved 1067008K
  class space    used 2423K, capacity 2512K, committed 2560K, reserved 1048576K
}
Event: 11.723 GC heap before
{Heap before GC invocations=3 (full 0):
 PSYoungGen      total 38400K, used 33064K [0x00000000d5f00000, 0x00000000d8980000, 0x0000000100000000)
  eden space 33280K, 83% used [0x00000000d5f00000,0x00000000d7a4a288,0x00000000d7f80000)
  from space 5120K, 99% used [0x00000000d8480000,0x00000000d897fe30,0x00000000d8980000)
  to   space 5120K, 0% used [0x00000000d7f80000,0x00000000d7f80000,0x00000000d8480000)
 ParOldGen       total 87552K, used 14795K [0x0000000081c00000, 0x0000000087180000, 0x00000000d5f00000)
  object space 87552K, 16% used [0x0000000081c00000,0x0000000082a72cc0,0x0000000087180000)
 Metaspace       used 20795K, capacity 21074K, committed 21296K, reserved 1069056K
  class space    used 2615K, capacity 2684K, committed 2688K, reserved 1048576K
Event: 11.728 GC heap after
Heap after GC invocations=3 (full 0):
 PSYoungGen      total 38400K, used 5118K [0x00000000d5f00000, 0x00000000daa00000, 0x0000000100000000)
  eden space 33280K, 0% used [0x00000000d5f00000,0x00000000d5f00000,0x00000000d7f80000)
  from space 5120K, 99% used [0x00000000d7f80000,0x00000000d847fab0,0x00000000d8480000)
  to   space 5120K, 0% used [0x00000000da500000,0x00000000da500000,0x00000000daa00000)
 ParOldGen       total 87552K, used 15194K [0x0000000081c00000, 0x0000000087180000, 0x00000000d5f00000)
  object space 87552K, 17% used [0x0000000081c00000,0x0000000082ad6b08,0x0000000087180000)
 Metaspace       used 20795K, capacity 21074K, committed 21296K, reserved 1069056K
  class space    used 2615K, capacity 2684K, committed 2688K, reserved 1048576K
}
Event: 11.728 GC heap before
{Heap before GC invocations=4 (full 1):
 PSYoungGen      total 38400K, used 5118K [0x00000000d5f00000, 0x00000000daa00000, 0x0000000100000000)
  eden space 33280K, 0% used [0x00000000d5f00000,0x00000000d5f00000,0x00000000d7f80000)
  from space 5120K, 99% used [0x00000000d7f80000,0x00000000d847fab0,0x00000000d8480000)
  to   space 5120K, 0% used [0x00000000da500000,0x00000000da500000,0x00000000daa00000)
 ParOldGen       total 87552K, used 15194K [0x0000000081c00000, 0x0000000087180000, 0x00000000d5f00000)
  object space 87552K, 17% used [0x0000000081c00000,0x0000000082ad6b08,0x0000000087180000)
 Metaspace       used 20795K, capacity 21074K, committed 21296K, reserved 1069056K
  class space    used 2615K, capacity 2684K, committed 2688K, reserved 1048576K
Event: 11.764 GC heap after
Heap after GC invocations=4 (full 1):
 PSYoungGen      total 38400K, used 0K [0x00000000d5f00000, 0x00000000daa00000, 0x0000000100000000)
  eden space 33280K, 0% used [0x00000000d5f00000,0x00000000d5f00000,0x00000000d7f80000)
  from space 5120K, 0% used [0x00000000d7f80000,0x00000000d7f80000,0x00000000d8480000)
  to   space 5120K, 0% used [0x00000000da500000,0x00000000da500000,0x00000000daa00000)
 ParOldGen       total 70144K, used 13742K [0x0000000081c00000, 0x0000000086080000, 0x00000000d5f00000)
  object space 70144K, 19% used [0x0000000081c00000,0x000000008296b960,0x0000000086080000)
 Metaspace       used 20795K, capacity 21074K, committed 21296K, reserved 1069056K
  class space    used 2615K, capacity 2684K, committed 2688K, reserved 1048576K
}
Event: 421.331 GC heap before
{Heap before GC invocations=5 (full 1):
 PSYoungGen      total 38400K, used 33280K [0x00000000d5f00000, 0x00000000daa00000, 0x0000000100000000)
  eden space 33280K, 100% used [0x00000000d5f00000,0x00000000d7f80000,0x00000000d7f80000)
  from space 5120K, 0% used [0x00000000d7f80000,0x00000000d7f80000,0x00000000d8480000)
  to   space 5120K, 0% used [0x00000000da500000,0x00000000da500000,0x00000000daa00000)
 ParOldGen       total 70144K, used 13742K [0x0000000081c00000, 0x0000000086080000, 0x00000000d5f00000)
  object space 70144K, 19% used [0x0000000081c00000,0x000000008296b960,0x0000000086080000)
 Metaspace       used 24182K, capacity 24450K, committed 24960K, reserved 1071104K
  class space    used 2989K, capacity 3078K, committed 3200K, reserved 1048576K
Event: 421.335 GC heap after
Heap after GC invocations=5 (full 1):
 PSYoungGen      total 35840K, used 2469K [0x00000000d5f00000, 0x00000000da780000, 0x0000000100000000)
  eden space 33280K, 0% used [0x00000000d5f00000,0x00000000d5f00000,0x00000000d7f80000)
  from space 2560K, 96% used [0x00000000da500000,0x00000000da769608,0x00000000da780000)
  to   space 5120K, 0% used [0x00000000d9d80000,0x00000000d9d80000,0x00000000da280000)
 ParOldGen       total 70144K, used 17873K [0x0000000081c00000, 0x0000000086080000, 0x00000000d5f00000)
  object space 70144K, 25% used [0x0000000081c00000,0x0000000082d74458,0x0000000086080000)
 Metaspace       used 24182K, capacity 24450K, committed 24960K, reserved 1071104K
  class space    used 2989K, capacity 3078K, committed 3200K, reserved 1048576K
}

